<?xml version="1.0" encoding="UTF-8"?>
<!-- Generated by org.testng.reporters.JUnitXMLReporter -->
<testsuite ignored="0" hostname="DevendraS-130398" failures="1" tests="1" name="Free CRM App Test Cases" time="13.508" errors="0" timestamp="21 Feb 2025 11:17:00 GMT">
  <testcase classname="com.crm.qa.testcases.CartMasterListingPageTest" name="SearchButton_with_FromDate_ToDate_Morethen90days" time="8.346">
    <failure type="java.lang.AssertionError" message="❌ Table did not reset! expected [true] but found [false]">
      <![CDATA[java.lang.AssertionError: ❌ Table did not reset! expected [true] but found [false]
	at com.crm.qa.testcases.CartMasterListingPageTest.SearchButton_with_FromDate_ToDate_Morethen90days(CartMasterListingPageTest.java:335)
... Removed 28 stack frames]]>
    </failure>
  </testcase> <!-- SearchButton_with_FromDate_ToDate_Morethen90days -->
</testsuite> <!-- Free CRM App Test Cases -->
