<?xml version="1.0" encoding="UTF-8"?>
<!-- Generated by org.testng.reporters.JUnitXMLReporter -->
<testsuite ignored="0" hostname="DevendraS-130398" failures="0" tests="2" name="Default test" time="16.081" errors="0" timestamp="15 Feb 2025 09:04:38 GMT">
  <testcase classname="com.crm.qa.testcases.CartMasterListingPageTest" name="verifyhomepage" time="3.02"/>
  <testcase classname="com.crm.qa.testcases.CartMasterListingPageTest" name="verifyCartListingpage" time="4.773"/>
</testsuite> <!-- Default test -->
