<?xml version="1.0" encoding="UTF-8"?>
<!-- Generated by org.testng.reporters.JUnitXMLReporter -->
<testsuite ignored="0" hostname="Cargo-IT001" failures="1" tests="1" name="Test" time="54.361" errors="0" timestamp="2025-03-11T16:35:36 IST">
  <testcase classname="com.crm.qa.testcases.A2A_BookingPageTest" name="A2A_Prepaid_one_Lag_flow" time="30.979">
    <failure type="java.lang.ArrayIndexOutOfBoundsException" message="Index 1 out of bounds for length 1">
      <![CDATA[java.lang.ArrayIndexOutOfBoundsException: Index 1 out of bounds for length 1
at com.crm.qa.testcases.A2A_BookingPageTest.A2A_Prepaid_one_Lag_flow(A2A_BookingPageTest.java:245)
at java.base/java.util.ArrayList.forEach(ArrayList.java:1511)
... Removed 27 stack frames]]>
    </failure>
  </testcase> <!-- A2A_Prepaid_one_Lag_flow -->
</testsuite> <!-- Test -->
