<?xml version="1.0" encoding="UTF-8"?>
<testng-results ignored="0" total="1" passed="1" failed="0" skipped="0">
  <reporter-output>
  </reporter-output>
  <suite started-at="2025-02-27T10:25:47Z" name="Default suite" finished-at="2025-02-27T10:25:55Z" duration-ms="7562">
    <groups>
    </groups>
    <test started-at="2025-02-27T10:25:47Z" name="Default test" finished-at="2025-02-27T10:25:55Z" duration-ms="7562">
      <class name="com.crm.qa.testcases.CartMasterListingPageTest">
        <test-method is-config="true" signature="setUp()[pri:0, instance:com.crm.qa.testcases.CartMasterListingPageTest@481ba2cf]" started-at="2025-02-27T15:55:47Z" name="setUp" finished-at="2025-02-27T15:55:50Z" duration-ms="2730" status="PASS">
          <reporter-output>
          </reporter-output>
        </test-method> <!-- setUp -->
        <test-method signature="PaginationBtn_Next()[pri:14, instance:com.crm.qa.testcases.CartMasterListingPageTest@481ba2cf]" started-at="2025-02-27T15:55:50Z" name="PaginationBtn_Next" finished-at="2025-02-27T15:55:55Z" duration-ms="4813" status="PASS">
          <reporter-output>
          </reporter-output>
        </test-method> <!-- PaginationBtn_Next -->
      </class> <!-- com.crm.qa.testcases.CartMasterListingPageTest -->
    </test> <!-- Default test -->
  </suite> <!-- Default suite -->
</testng-results>
