<?xml version="1.0" encoding="UTF-8"?>
<testng-results ignored="0" total="1" passed="1" failed="0" skipped="0">
  <reporter-output>
  </reporter-output>
  <suite started-at="2025-02-24T12:01:19Z" name="Default suite" finished-at="2025-02-24T12:01:27Z" duration-ms="7559">
    <groups>
    </groups>
    <test started-at="2025-02-24T12:01:19Z" name="Default test" finished-at="2025-02-24T12:01:27Z" duration-ms="7559">
      <class name="com.crm.qa.testcases.CartMasterListingPageTest">
        <test-method is-config="true" signature="setUp()[pri:0, instance:com.crm.qa.testcases.CartMasterListingPageTest@481ba2cf]" started-at="2025-02-24T17:31:19Z" name="setUp" finished-at="2025-02-24T17:31:22Z" duration-ms="3097" status="PASS">
          <reporter-output>
          </reporter-output>
        </test-method> <!-- setUp -->
        <test-method signature="PaginationBtn_Next()[pri:14, instance:com.crm.qa.testcases.CartMasterListingPageTest@481ba2cf]" started-at="2025-02-24T17:31:22Z" name="PaginationBtn_Next" finished-at="2025-02-24T17:31:27Z" duration-ms="4448" status="PASS">
          <reporter-output>
          </reporter-output>
        </test-method> <!-- PaginationBtn_Next -->
      </class> <!-- com.crm.qa.testcases.CartMasterListingPageTest -->
    </test> <!-- Default test -->
  </suite> <!-- Default suite -->
</testng-results>
